<?xml version="1.0" encoding="UTF-8"?>
<!-- Generated by org.testng.reporters.JUnitReportReporter -->
<testsuite hostname="BLR1-LHP-N80937" failures="0" tests="1" name="com.seleniumadvance.WindowScrolling" time="20.970" errors="0" timestamp="2023-09-04T17:17:32 IST" skipped="0">
  <testcase classname="com.seleniumadvance.WindowScrolling" name="rightClick" time="20.970"/>
</testsuite> <!-- com.seleniumadvance.WindowScrolling -->
