<?xml version="1.0" encoding="UTF-8"?>
<!-- Generated by org.testng.reporters.JUnitReportReporter -->
<testsuite hostname="BLR1-LHP-N80937" failures="0" tests="1" name="com.seleniumadvance.DargAndDrop" time="31.222" errors="0" timestamp="2023-09-04T10:28:30 IST" skipped="0">
  <testcase classname="com.seleniumadvance.DargAndDrop" name="dargAndDrop" time="31.222"/>
</testsuite> <!-- com.seleniumadvance.DargAndDrop -->
