<?xml version="1.0" encoding="UTF-8"?>
<!-- Generated by org.testng.reporters.JUnitReportReporter -->
<testsuite hostname="BLR1-LHP-N80937" failures="0" tests="1" name="com.apitesting.ApiRestAssured" time="3.507" errors="0" timestamp="2023-07-28T14:21:22 IST" skipped="0">
  <testcase classname="com.apitesting.ApiRestAssured" name="userAPI" time="3.507"/>
</testsuite> <!-- com.apitesting.ApiRestAssured -->
