<?xml version="1.0" encoding="UTF-8"?>
<!-- Generated by org.testng.reporters.JUnitReportReporter -->
<testsuite hostname="BLR1-LHP-N80937" failures="0" tests="1" name="com.seleniumadvance.FileUpload" time="103.476" errors="0" timestamp="2024-10-17T15:50:25 IST" skipped="0">
  <testcase classname="com.seleniumadvance.FileUpload" name="rightClick" time="103.476"/>
</testsuite> <!-- com.seleniumadvance.FileUpload -->
