<?xml version="1.0" encoding="UTF-8"?>
<!-- Generated by org.testng.reporters.JUnitReportReporter -->
<testsuite hostname="BLR1-LHP-N80937" failures="0" tests="1" name="com.seleniumadvance.ErrorScreenshot" time="34.688" errors="0" timestamp="2023-09-14T12:21:12 IST" skipped="0">
  <testcase classname="com.seleniumadvance.ErrorScreenshot" name="Login" time="34.688"/>
</testsuite> <!-- com.seleniumadvance.ErrorScreenshot -->
