<?xml version="1.0" encoding="UTF-8"?>
<!-- Generated by org.testng.reporters.JUnitReportReporter -->
<testsuite hostname="BLR1-LHP-N80937" failures="0" tests="4" name="com.seleniumadvance.GoogleSearchSuggestionsClick" time="40.663" errors="0" timestamp="2023-09-20T10:28:10 IST" skipped="0">
  <testcase classname="com.seleniumadvance.GoogleSearchSuggestionsClick" name="Search" time="10.137"/>
  <testcase classname="com.seleniumadvance.GoogleSearchSuggestionsClick" name="Search" time="4.972"/>
  <testcase classname="com.seleniumadvance.GoogleSearchSuggestionsClick" name="Search" time="2.930"/>
  <testcase classname="com.seleniumadvance.GoogleSearchSuggestionsClick" name="Search" time="22.624"/>
</testsuite> <!-- com.seleniumadvance.GoogleSearchSuggestionsClick -->
