<?xml version="1.0" encoding="UTF-8"?>
<!-- Generated by org.testng.reporters.JUnitReportReporter -->
<testsuite hostname="BLR1-LHP-N80937" failures="0" tests="1" name="com.seleniumadvance.DatePickerBookingWebsite" time="21.144" errors="0" timestamp="2023-09-05T11:03:23 IST" skipped="0">
  <testcase classname="com.seleniumadvance.DatePickerBookingWebsite" name="datePicker" time="21.144"/>
</testsuite> <!-- com.seleniumadvance.DatePickerBookingWebsite -->
