<?xml version="1.0" encoding="UTF-8"?>
<!-- Generated by org.testng.reporters.JUnitReportReporter -->
<testsuite hostname="BLR1-LHP-N80937" failures="0" tests="1" name="com.seleniumadvance.securityCertificateHandling" time="6.107" errors="0" timestamp="2023-09-05T17:46:33 IST" skipped="0">
  <testcase classname="com.seleniumadvance.securityCertificateHandling" name="SSHCertificateTest" time="6.107"/>
</testsuite> <!-- com.seleniumadvance.securityCertificateHandling -->
