<?xml version="1.0" encoding="UTF-8"?>
<!-- Generated by org.testng.reporters.JUnitReportReporter -->
<testsuite hostname="BLR1-LHP-N80937" failures="0" tests="4" name="com.restassured.HttpMethodsPosts" time="5.264" errors="0" timestamp="2023-07-28T16:32:07 IST" skipped="0">
  <testcase classname="com.restassured.HttpMethodsPosts" name="GetTest" time="1.550"/>
  <testcase classname="com.restassured.HttpMethodsPosts" name="deleteTest" time="1.503"/>
  <testcase classname="com.restassured.HttpMethodsPosts" name="postTest" time="0.847"/>
  <testcase classname="com.restassured.HttpMethodsPosts" name="putTest" time="1.364"/>
</testsuite> <!-- com.restassured.HttpMethodsPosts -->
