<?xml version="1.0" encoding="UTF-8"?>
<!-- Generated by org.testng.reporters.JUnitReportReporter -->
<testsuite hostname="BLR1-LHP-N80937" failures="0" tests="1" name="com.seleniumadvance.WebTable" time="56.343" errors="0" timestamp="2023-09-11T10:17:53 IST" skipped="0">
  <testcase classname="com.seleniumadvance.WebTable" name="readDataFromTable" time="56.343"/>
</testsuite> <!-- com.seleniumadvance.WebTable -->
