<?xml version="1.0" encoding="UTF-8"?>
<!-- Generated by org.testng.reporters.JUnitReportReporter -->
<testsuite hostname="BLR1-LHP-N80937" failures="0" tests="1" name="com.seleniumadvance.RightClick" time="9.547" errors="0" timestamp="2023-08-30T17:26:13 IST" skipped="0">
  <testcase classname="com.seleniumadvance.RightClick" name="rightClick" time="9.547"/>
</testsuite> <!-- com.seleniumadvance.RightClick -->
