<?xml version="1.0" encoding="UTF-8"?>
<!-- Generated by org.testng.reporters.JUnitReportReporter -->
<testsuite hostname="BLR1-LHP-N80937" failures="0" tests="1" name="com.seleniumadvance.SeleniumAdvance" time="7.391" errors="0" timestamp="2023-08-30T17:00:06 IST" skipped="0">
  <testcase classname="com.seleniumadvance.SeleniumAdvance" name="basicAuth" time="7.391"/>
</testsuite> <!-- com.seleniumadvance.SeleniumAdvance -->
