<?xml version="1.0" encoding="UTF-8"?>
<!-- Generated by org.testng.reporters.JUnitReportReporter -->
<testsuite hostname="BLR1-LHP-N80937" failures="0" tests="1" name="com.seleniumadvance.DatePicker" time="16.114" errors="0" timestamp="2023-09-04T18:16:02 IST" skipped="0">
  <testcase classname="com.seleniumadvance.DatePicker" name="rightClick" time="16.114"/>
</testsuite> <!-- com.seleniumadvance.DatePicker -->
