<?xml version="1.0" encoding="UTF-8"?>
<!-- Generated by org.testng.reporters.JUnitReportReporter -->
<testsuite hostname="BLR1-LHP-N80937" failures="0" tests="1" name="com.restassured.ApiDemo" time="2.335" errors="0" timestamp="2023-07-27T11:44:43 IST" skipped="0">
  <testcase classname="com.restassured.ApiDemo" name="Http" time="2.335"/>
</testsuite> <!-- com.restassured.ApiDemo -->
