<?xml version="1.0" encoding="UTF-8"?>
<!-- Generated by org.testng.reporters.JUnitReportReporter -->
<testsuite hostname="BLR1-LHP-N80937" failures="0" tests="1" name="com.restassured.ApiRestAssured" time="3.539" errors="0" timestamp="2023-07-28T13:36:43 IST" skipped="0">
  <testcase classname="com.restassured.ApiRestAssured" name="Http" time="3.539"/>
</testsuite> <!-- com.restassured.ApiRestAssured -->
