<?xml version="1.0" encoding="UTF-8"?>
<!-- Generated by org.testng.reporters.JUnitReportReporter -->
<testsuite hostname="BLR1-LHP-N80937" failures="0" tests="4" name="com.restassured.HttpMethodsUsers" time="5.540" errors="0" timestamp="2023-07-28T15:50:00 IST" skipped="0">
  <testcase classname="com.restassured.HttpMethodsUsers" name="postTest" time="1.149"/>
  <testcase classname="com.restassured.HttpMethodsUsers" name="deleteTest" time="1.669"/>
  <testcase classname="com.restassured.HttpMethodsUsers" name="GetTest" time="0.992"/>
  <testcase classname="com.restassured.HttpMethodsUsers" name="putTest" time="1.730"/>
</testsuite> <!-- com.restassured.HttpMethodsUsers -->
